TN:
SF:app.ts
FN:14,(anonymous_1)
FN:19,(anonymous_2)
FN:26,(anonymous_3)
FNF:3
FNH:3
FNDA:1,(anonymous_1)
FNDA:3,(anonymous_2)
FNDA:3,(anonymous_3)
DA:1,1
DA:2,1
DA:3,1
DA:4,1
DA:5,1
DA:6,1
DA:8,1
DA:9,1
DA:11,1
DA:12,1
DA:14,1
DA:15,1
DA:16,1
DA:19,1
DA:20,3
DA:21,3
DA:22,3
DA:23,3
DA:26,1
DA:27,3
DA:28,1
DA:29,1
DA:31,3
DA:34,1
DA:35,1
DA:37,1
LF:26
LH:26
BRDA:11,0,0,1
BRDA:11,0,1,1
BRDA:27,1,0,1
BRDA:27,1,1,2
BRF:4
BRH:4
end_of_record
TN:
SF:controllers/event-controller.ts
FN:5,(anonymous_6)
FNF:1
FNH:1
FNDA:2,(anonymous_6)
DA:2,1
DA:5,1
DA:6,2
DA:7,2
LF:4
LH:4
BRF:0
BRH:0
end_of_record
TN:
SF:controllers/fights-card-controller.ts
FN:4,(anonymous_6)
FN:10,(anonymous_7)
FNF:2
FNH:1
FNDA:3,(anonymous_6)
FNDA:0,(anonymous_7)
DA:2,1
DA:4,1
DA:5,3
DA:7,3
DA:10,1
DA:11,0
DA:12,0
DA:14,0
LF:8
LH:5
BRF:0
BRH:0
end_of_record
TN:
SF:helper-function/populate-database.ts
FN:5,(anonymous_6)
FN:11,(anonymous_7)
FNF:2
FNH:2
FNDA:2,(anonymous_6)
FNDA:2,(anonymous_7)
DA:1,1
DA:2,1
DA:3,1
DA:5,1
DA:6,2
DA:7,2
DA:8,2
DA:10,2
DA:11,2
DA:14,1
LF:10
LH:10
BRF:0
BRH:0
end_of_record
TN:
SF:helper-function/scraper.ts
FN:8,(anonymous_7)
FN:9,(anonymous_8)
FN:11,(anonymous_9)
FN:15,(anonymous_10)
FN:37,(anonymous_11)
FN:39,(anonymous_12)
FN:46,(anonymous_13)
FN:48,(anonymous_14)
FN:49,(anonymous_15)
FN:54,(anonymous_16)
FN:56,(anonymous_17)
FN:57,(anonymous_18)
FN:62,(anonymous_19)
FNF:13
FNH:13
FNDA:8,(anonymous_7)
FNDA:8,(anonymous_8)
FNDA:2,(anonymous_9)
FNDA:8,(anonymous_10)
FNDA:2,(anonymous_11)
FNDA:5,(anonymous_12)
FNDA:61,(anonymous_13)
FNDA:3157,(anonymous_14)
FNDA:121,(anonymous_15)
FNDA:61,(anonymous_16)
FNDA:3172,(anonymous_17)
FNDA:127,(anonymous_18)
FNDA:61,(anonymous_19)
DA:1,1
DA:2,1
DA:5,1
DA:6,1
DA:8,8
DA:9,8
DA:11,1
DA:12,2
DA:13,2
DA:14,2
DA:15,2
DA:16,8
DA:17,8
DA:18,8
DA:19,8
DA:20,8
DA:21,8
DA:22,8
DA:24,8
DA:32,8
DA:34,2
DA:37,1
DA:38,2
DA:39,2
DA:40,5
DA:41,5
DA:42,5
DA:43,5
DA:46,5
DA:47,61
DA:48,3157
DA:49,121
DA:50,61
DA:54,5
DA:55,61
DA:56,3172
DA:57,127
DA:58,61
DA:62,5
DA:63,61
DA:64,61
DA:68,5
DA:70,2
LF:43
LH:43
BRDA:32,0,0,2
BRDA:32,0,1,6
BRDA:48,1,0,3157
BRDA:48,1,1,3094
BRDA:56,2,0,3172
BRDA:56,2,1,3111
BRF:6
BRH:6
end_of_record
TN:
SF:models/connectToDatabase.ts
FN:3,(anonymous_1)
FNF:1
FNH:1
FNDA:1,(anonymous_1)
DA:1,1
DA:3,1
DA:5,1
DA:7,1
LF:4
LH:4
BRDA:4,0,0,1
BRDA:4,1,0,1
BRDA:4,1,1,1
BRF:3
BRH:3
end_of_record
TN:
SF:models/events.ts
FNF:0
FNH:0
DA:1,1
DA:4,1
DA:13,1
DA:15,1
LF:4
LH:4
BRF:0
BRH:0
end_of_record
TN:
SF:models/fights-card.ts
FNF:0
FNH:0
DA:1,1
DA:6,1
DA:11,1
DA:13,1
LF:4
LH:4
BRF:0
BRH:0
end_of_record
TN:
SF:routes/events-routes.ts
FNF:0
FNH:0
DA:1,1
DA:2,1
DA:4,1
DA:6,1
DA:8,1
LF:5
LH:5
BRF:0
BRH:0
end_of_record
TN:
SF:routes/fights-card-routes.ts
FNF:0
FNH:0
DA:1,1
DA:2,1
DA:4,1
DA:6,1
DA:7,1
DA:9,1
LF:6
LH:6
BRF:0
BRH:0
end_of_record
TN:
SF:services/event-service.ts
FN:4,(anonymous_1)
FN:6,(anonymous_2)
FN:10,(anonymous_3)
FNF:3
FNH:3
FNDA:1,(anonymous_1)
FNDA:1,(anonymous_2)
FNDA:2,(anonymous_3)
DA:1,1
DA:4,1
DA:6,1
DA:7,1
DA:10,2
LF:5
LH:5
BRF:0
BRH:0
end_of_record
TN:
SF:services/fights-card-service.ts
FN:4,(anonymous_1)
FN:6,(anonymous_2)
FN:10,(anonymous_3)
FN:12,(anonymous_4)
FN:18,(anonymous_5)
FNF:5
FNH:4
FNDA:2,(anonymous_1)
FNDA:2,(anonymous_2)
FNDA:3,(anonymous_3)
FNDA:10,(anonymous_4)
FNDA:0,(anonymous_5)
DA:2,1
DA:4,2
DA:6,1
DA:7,2
DA:10,1
DA:11,3
DA:12,3
DA:13,10
DA:15,3
DA:18,1
LF:10
LH:10
BRF:0
BRH:0
end_of_record
